\BOOKMARK [0][-]{chapter.1}{Introduction}{}% 1
\BOOKMARK [0][-]{chapter.2}{Sensors information}{}% 2
\BOOKMARK [0][-]{chapter.3}{Meteorological measurements}{}% 3
\BOOKMARK [1][-]{section.3.1}{Wind roses}{chapter.3}% 4
\BOOKMARK [1][-]{section.3.2}{Temperature}{chapter.3}% 5
\BOOKMARK [1][-]{section.3.3}{Humidity}{chapter.3}% 6
\BOOKMARK [0][-]{chapter.4}{Emissions measurements}{}% 7
\BOOKMARK [0][-]{chapter.5}{Noise measurements}{}% 8
\BOOKMARK [1][-]{section.5.1}{Leq}{chapter.5}% 9
\BOOKMARK [1][-]{section.5.2}{Lmin}{chapter.5}% 10
\BOOKMARK [1][-]{section.5.3}{Lmax}{chapter.5}% 11
\BOOKMARK [0][-]{chapter.6}{Traffic information}{}% 12
\BOOKMARK [0][-]{chapter.7}{Analysis of measurements}{}% 13
\BOOKMARK [1][-]{section.7.1}{CO}{chapter.7}% 14
\BOOKMARK [1][-]{section.7.2}{NO2}{chapter.7}% 15
\BOOKMARK [1][-]{section.7.3}{O3}{chapter.7}% 16
\BOOKMARK [1][-]{section.7.4}{SO2}{chapter.7}% 17
\BOOKMARK [1][-]{section.7.5}{Particulate matter}{chapter.7}% 18
\BOOKMARK [1][-]{section.7.6}{H2S}{chapter.7}% 19
\BOOKMARK [1][-]{section.7.7}{NO}{chapter.7}% 20
\BOOKMARK [1][-]{section.7.8}{Noise}{chapter.7}% 21
\BOOKMARK [0][-]{chapter.8}{Air Quality Standards and Air Quality Index \(AQI\)}{}% 22
\BOOKMARK [0][-]{chapter.9}{Conclusions}{}% 23
\BOOKMARK [0][-]{chapter.10}{Acronyms}{}% 24
\BOOKMARK [0][-]{appendix.A}{Meteorological graphs}{}% 25
\BOOKMARK [0][-]{appendix.B}{Pollutants charts per station}{}% 26
\BOOKMARK [1][-]{section.B.1}{AE123 Inbound K.S.R}{appendix.B}% 27
\BOOKMARK [1][-]{section.B.2}{Air Cargo}{appendix.B}% 28
\BOOKMARK [1][-]{section.B.3}{ATC Tower}{appendix.B}% 29
\BOOKMARK [1][-]{section.B.4}{CS 59 Storage}{appendix.B}% 30
\BOOKMARK [1][-]{section.B.5}{Family Camp}{appendix.B}% 31
\BOOKMARK [1][-]{section.B.6}{Fire Station}{appendix.B}% 32
\BOOKMARK [1][-]{section.B.7}{Primary Runway}{appendix.B}% 33
\BOOKMARK [1][-]{section.B.8}{Privet Aviation}{appendix.B}% 34
\BOOKMARK [1][-]{section.B.9}{RIYADH FRONT \(SASCO STATION 1\)}{appendix.B}% 35
\BOOKMARK [1][-]{section.B.10}{Royal Terminal}{appendix.B}% 36
\BOOKMARK [1][-]{section.B.11}{SASCO Station 3}{appendix.B}% 37
\BOOKMARK [1][-]{section.B.12}{ Secondary Runway 01}{appendix.B}% 38
\BOOKMARK [1][-]{section.B.13}{Secondary Runway 02}{appendix.B}% 39
\BOOKMARK [0][-]{appendix.C}{Traffic chart}{}% 40
\BOOKMARK [0][-]{appendix.D}{Monthly grouped charts}{}% 41
